{"C:\\laragon\\www\\CI_CD\\module.js": {"path":"C:\\laragon\\www\\CI_CD\\module.js","statementMap":{"0":{"start":{"line":9,"column":4},"end":{"line":11,"column":9}},"1":{"start":{"line":10,"column":8},"end":{"line":10,"column":42}},"2":{"start":{"line":12,"column":4},"end":{"line":14,"column":9}},"3":{"start":{"line":13,"column":12},"end":{"line":13,"column":59}},"4":{"start":{"line":15,"column":4},"end":{"line":17,"column":9}},"5":{"start":{"line":16,"column":12},"end":{"line":16,"column":51}},"6":{"start":{"line":18,"column":4},"end":{"line":20,"column":9}},"7":{"start":{"line":19,"column":12},"end":{"line":19,"column":65}},"8":{"start":{"line":22,"column":19},"end":{"line":22,"column":57}},"9":{"start":{"line":23,"column":13},"end":{"line":23,"column":53}},"10":{"start":{"line":24,"column":4},"end":{"line":24,"column":15}}},"fnMap":{"0":{"name":"calculateAge","decl":{"start":{"line":8,"column":9},"end":{"line":8,"column":21}},"loc":{"start":{"line":8,"column":25},"end":{"line":25,"column":1}},"line":8}},"branchMap":{"0":{"loc":{"start":{"line":9,"column":4},"end":{"line":11,"column":9}},"type":"if","locations":[{"start":{"line":9,"column":4},"end":{"line":11,"column":9}},{"start":{},"end":{}}],"line":9},"1":{"loc":{"start":{"line":12,"column":4},"end":{"line":14,"column":9}},"type":"if","locations":[{"start":{"line":12,"column":4},"end":{"line":14,"column":9}},{"start":{},"end":{}}],"line":12},"2":{"loc":{"start":{"line":12,"column":8},"end":{"line":12,"column":49}},"type":"binary-expr","locations":[{"start":{"line":12,"column":8},"end":{"line":12,"column":29}},{"start":{"line":12,"column":33},"end":{"line":12,"column":49}}],"line":12},"3":{"loc":{"start":{"line":15,"column":4},"end":{"line":17,"column":9}},"type":"if","locations":[{"start":{"line":15,"column":4},"end":{"line":17,"column":9}},{"start":{},"end":{}}],"line":15},"4":{"loc":{"start":{"line":18,"column":4},"end":{"line":20,"column":9}},"type":"if","locations":[{"start":{"line":18,"column":4},"end":{"line":20,"column":9}},{"start":{},"end":{}}],"line":18},"5":{"loc":{"start":{"line":18,"column":8},"end":{"line":18,"column":62}},"type":"binary-expr","locations":[{"start":{"line":18,"column":8},"end":{"line":18,"column":34}},{"start":{"line":18,"column":38},"end":{"line":18,"column":62}}],"line":18}},"s":{"0":5,"1":1,"2":4,"3":1,"4":3,"5":1,"6":2,"7":1,"8":1,"9":1,"10":1},"f":{"0":5},"b":{"0":[1,4],"1":[1,3],"2":[4,3],"3":[1,2],"4":[1,1],"5":[2,1]},"_coverageSchema":"1a1c01bbd47fc00a2c39e90264f33305004495a9","hash":"b1dac0fbfd3ec42238edbd55e7a4f6365df2d31e"}
}
